<?xml version="1.0" encoding="UTF-8"?>
<testng-results ignored="0" total="1" passed="1" failed="0" skipped="0">
  <reporter-output>
  </reporter-output>
  <suite started-at="2024-06-05T15:23:12 IST" name="Default suite" finished-at="2024-06-05T15:23:47 IST" duration-ms="35266">
    <groups>
    </groups>
    <test started-at="2024-06-05T15:23:12 IST" name="Default test" finished-at="2024-06-05T15:23:47 IST" duration-ms="35266">
      <class name="baseclass.TestClass">
        <test-method is-config="true" signature="browser()[pri:0, instance:baseclass.TestClass@223191a6]" started-at="2024-06-05T15:23:12 IST" name="browser" finished-at="2024-06-05T15:23:23 IST" duration-ms="10325" status="PASS">
          <reporter-output>
          </reporter-output>
        </test-method> <!-- browser -->
        <test-method signature="Login()[pri:0, instance:baseclass.TestClass@223191a6]" started-at="2024-06-05T15:23:23 IST" name="Login" finished-at="2024-06-05T15:23:47 IST" duration-ms="24882" status="PASS">
          <reporter-output>
          </reporter-output>
        </test-method> <!-- Login -->
      </class> <!-- baseclass.TestClass -->
    </test> <!-- Default test -->
  </suite> <!-- Default suite -->
</testng-results>
